# JRE version: Java(TM) SE Runtime Environment (8.0_162-b12) (build 1.8.0_162-b12)
# Java VM: Java HotSpot(TM) 64-Bit Server VM (25.162-b12 mixed mode windows-amd64 compressed oops)
Heap:
 PSYoungGen      total 292864K, used 221661K [0x000000076b900000, 0x0000000789b80000, 0x00000007c0000000)
  eden space 259072K, 85% used [0x000000076b900000,0x000000077910f478,0x000000077b600000)
  from space 33792K, 1% used [0x000000077dc00000,0x000000077dc68020,0x000000077fd00000)
  to   space 38912K, 0% used [0x000000077b600000,0x000000077b600000,0x000000077dc00000)
 ParOldGen       total 173568K, used 88102K [0x00000006c2a00000, 0x00000006cd380000, 0x000000076b900000)
  object space 173568K, 50% used [0x00000006c2a00000,0x00000006c8009b10,0x00000006cd380000)
 Metaspace       used 18051K, capacity 18254K, committed 18432K, reserved 1064960K
  class space    used 2181K, capacity 2267K, committed 2304K, reserved 1048576K
GC Heap History (10 events):
Event: 5.939 GC heap before
{Heap before GC invocations=6 (full 0):
 PSYoungGen      total 140800K, used 140772K [0x000000076b900000, 0x0000000780100000, 0x00000007c0000000)
  eden space 130048K, 100% used [0x000000076b900000,0x0000000773800000,0x0000000773800000)
  from space 10752K, 99% used [0x0000000773800000,0x0000000774279060,0x0000000774280000)
  to   space 37888K, 0% used [0x000000077dc00000,0x000000077dc00000,0x0000000780100000)
 ParOldGen       total 173568K, used 69146K [0x00000006c2a00000, 0x00000006cd380000, 0x000000076b900000)
  object space 173568K, 39% used [0x00000006c2a00000,0x00000006c6d868a0,0x00000006cd380000)
 Metaspace       used 17755K, capacity 17980K, committed 18176K, reserved 1064960K
  class space    used 2176K, capacity 2264K, committed 2304K, reserved 1048576K
Event: 5.995 GC heap after
Heap after GC invocations=6 (full 0):
 PSYoungGen      total 293888K, used 18968K [0x000000076b900000, 0x000000077fd00000, 0x00000007c0000000)
  eden space 260096K, 0% used [0x000000076b900000,0x000000076b900000,0x000000077b700000)
  from space 33792K, 56% used [0x000000077dc00000,0x000000077ee86070,0x000000077fd00000)
  to   space 35840K, 0% used [0x000000077b700000,0x000000077b700000,0x000000077da00000)
 ParOldGen       total 173568K, used 69154K [0x00000006c2a00000, 0x00000006cd380000, 0x000000076b900000)
  object space 173568K, 39% used [0x00000006c2a00000,0x00000006c6d888a0,0x00000006cd380000)
 Metaspace       used 17755K, capacity 17980K, committed 18176K, reserved 1064960K
  class space    used 2176K, capacity 2264K, committed 2304K, reserved 1048576K
}
Event: 7.219 GC heap before
{Heap before GC invocations=7 (full 0):
 PSYoungGen      total 293888K, used 279064K [0x000000076b900000, 0x000000077fd00000, 0x00000007c0000000)
  eden space 260096K, 100% used [0x000000076b900000,0x000000077b700000,0x000000077b700000)
  from space 33792K, 56% used [0x000000077dc00000,0x000000077ee86070,0x000000077fd00000)
  to   space 35840K, 0% used [0x000000077b700000,0x000000077b700000,0x000000077da00000)
 ParOldGen       total 173568K, used 69154K [0x00000006c2a00000, 0x00000006cd380000, 0x000000076b900000)
  object space 173568K, 39% used [0x00000006c2a00000,0x00000006c6d888a0,0x00000006cd380000)
 Metaspace       used 17765K, capacity 17980K, committed 18176K, reserved 1064960K
  class space    used 2176K, capacity 2264K, committed 2304K, reserved 1048576K
Event: 7.262 GC heap after
Heap after GC invocations=7 (full 0):
 PSYoungGen      total 295936K, used 224K [0x000000076b900000, 0x000000077fd00000, 0x00000007c0000000)
  eden space 260096K, 0% used [0x000000076b900000,0x000000076b900000,0x000000077b700000)
  from space 35840K, 0% used [0x000000077b700000,0x000000077b738000,0x000000077da00000)
  to   space 33792K, 0% used [0x000000077dc00000,0x000000077dc00000,0x000000077fd00000)
 ParOldGen       total 173568K, used 88006K [0x00000006c2a00000, 0x00000006cd380000, 0x000000076b900000)
  object space 173568K, 50% used [0x00000006c2a00000,0x00000006c7ff1b10,0x00000006cd380000)
 Metaspace       used 17765K, capacity 17980K, committed 18176K, reserved 1064960K
  class space    used 2176K, capacity 2264K, committed 2304K, reserved 1048576K
}
Event: 8.456 GC heap before
{Heap before GC invocations=8 (full 0):
 PSYoungGen      total 295936K, used 260320K [0x000000076b900000, 0x000000077fd00000, 0x00000007c0000000)
  eden space 260096K, 100% used [0x000000076b900000,0x000000077b700000,0x000000077b700000)
  from space 35840K, 0% used [0x000000077b700000,0x000000077b738000,0x000000077da00000)
  to   space 33792K, 0% used [0x000000077dc00000,0x000000077dc00000,0x000000077fd00000)
 ParOldGen       total 173568K, used 88006K [0x00000006c2a00000, 0x00000006cd380000, 0x000000076b900000)
  object space 173568K, 50% used [0x00000006c2a00000,0x00000006c7ff1b10,0x00000006cd380000)
 Metaspace       used 17766K, capacity 17980K, committed 18176K, reserved 1064960K
  class space    used 2176K, capacity 2264K, committed 2304K, reserved 1048576K
Event: 8.490 GC heap after
Heap after GC invocations=8 (full 0):
 PSYoungGen      total 293888K, used 192K [0x000000076b900000, 0x000000077fd00000, 0x00000007c0000000)
  eden space 260096K, 0% used [0x000000076b900000,0x000000076b900000,0x000000077b700000)
  from space 33792K, 0% used [0x000000077dc00000,0x000000077dc30000,0x000000077fd00000)
  to   space 35840K, 0% used [0x000000077b700000,0x000000077b700000,0x000000077da00000)
 ParOldGen       total 173568K, used 88070K [0x00000006c2a00000, 0x00000006cd380000, 0x000000076b900000)
  object space 173568K, 50% used [0x00000006c2a00000,0x00000006c8001b10,0x00000006cd380000)
 Metaspace       used 17766K, capacity 17980K, committed 18176K, reserved 1064960K
  class space    used 2176K, capacity 2264K, committed 2304K, reserved 1048576K
}
Event: 9.738 GC heap before
{Heap before GC invocations=9 (full 0):
 PSYoungGen      total 293888K, used 260288K [0x000000076b900000, 0x000000077fd00000, 0x00000007c0000000)
  eden space 260096K, 100% used [0x000000076b900000,0x000000077b700000,0x000000077b700000)
  from space 33792K, 0% used [0x000000077dc00000,0x000000077dc30000,0x000000077fd00000)
  to   space 35840K, 0% used [0x000000077b700000,0x000000077b700000,0x000000077da00000)
 ParOldGen       total 173568K, used 88070K [0x00000006c2a00000, 0x00000006cd380000, 0x000000076b900000)
  object space 173568K, 50% used [0x00000006c2a00000,0x00000006c8001b10,0x00000006cd380000)
 Metaspace       used 17802K, capacity 17980K, committed 18176K, reserved 1064960K
  class space    used 2178K, capacity 2264K, committed 2304K, reserved 1048576K
Event: 9.778 GC heap after
Heap after GC invocations=9 (full 0):
 PSYoungGen      total 295936K, used 224K [0x000000076b900000, 0x000000077fd00000, 0x00000007c0000000)
  eden space 260096K, 0% used [0x000000076b900000,0x000000076b900000,0x000000077b700000)
  from space 35840K, 0% used [0x000000077b700000,0x000000077b738000,0x000000077da00000)
  to   space 33792K, 0% used [0x000000077dc00000,0x000000077dc00000,0x000000077fd00000)
 ParOldGen       total 173568K, used 88094K [0x00000006c2a00000, 0x00000006cd380000, 0x000000076b900000)
  object space 173568K, 50% used [0x00000006c2a00000,0x00000006c8007b10,0x00000006cd380000)
 Metaspace       used 17802K, capacity 17980K, committed 18176K, reserved 1064960K
  class space    used 2178K, capacity 2264K, committed 2304K, reserved 1048576K
}
Event: 11.022 GC heap before
{Heap before GC invocations=10 (full 0):
 PSYoungGen      total 295936K, used 260320K [0x000000076b900000, 0x000000077fd00000, 0x00000007c0000000)
  eden space 260096K, 100% used [0x000000076b900000,0x000000077b700000,0x000000077b700000)
  from space 35840K, 0% used [0x000000077b700000,0x000000077b738000,0x000000077da00000)
  to   space 33792K, 0% used [0x000000077dc00000,0x000000077dc00000,0x000000077fd00000)
 ParOldGen       total 173568K, used 88094K [0x00000006c2a00000, 0x00000006cd380000, 0x000000076b900000)
  object space 173568K, 50% used [0x00000006c2a00000,0x00000006c8007b10,0x00000006cd380000)
 Metaspace       used 17927K, capacity 18108K, committed 18176K, reserved 1064960K
  class space    used 2179K, capacity 2264K, committed 2304K, reserved 1048576K
Event: 11.050 GC heap after
Heap after GC invocations=10 (full 0):
 PSYoungGen      total 292864K, used 416K [0x000000076b900000, 0x0000000789b80000, 0x00000007c0000000)
  eden space 259072K, 0% used [0x000000076b900000,0x000000076b900000,0x000000077b600000)
  from space 33792K, 1% used [0x000000077dc00000,0x000000077dc68020,0x000000077fd00000)
  to   space 38912K, 0% used [0x000000077b600000,0x000000077b600000,0x000000077dc00000)
 ParOldGen       total 173568K, used 88102K [0x00000006c2a00000, 0x00000006cd380000, 0x000000076b900000)
  object space 173568K, 50% used [0x00000006c2a00000,0x00000006c8009b10,0x00000006cd380000)
 Metaspace       used 17927K, capacity 18108K, committed 18176K, reserved 1064960K
  class space    used 2179K, capacity 2264K, committed 2304K, reserved 1048576K
}

