# JRE version: Java(TM) SE Runtime Environment (8.0_162-b12) (build 1.8.0_162-b12)
# Java VM: Java HotSpot(TM) 64-Bit Server VM (25.162-b12 mixed mode windows-amd64 compressed oops)
Heap:
 PSYoungGen      total 452608K, used 34054K [0x000000076b900000, 0x0000000789680000, 0x00000007c0000000)
  eden space 417280K, 8% used [0x000000076b900000,0x000000076da19b10,0x0000000785080000)
  from space 35328K, 0% used [0x0000000787400000,0x0000000787428000,0x0000000789680000)
  to   space 35840K, 0% used [0x0000000785080000,0x0000000785080000,0x0000000787380000)
 ParOldGen       total 173568K, used 72070K [0x00000006c2a00000, 0x00000006cd380000, 0x000000076b900000)
  object space 173568K, 41% used [0x00000006c2a00000,0x00000006c7061ad0,0x00000006cd380000)
 Metaspace       used 18231K, capacity 18446K, committed 18688K, reserved 1064960K
  class space    used 2181K, capacity 2267K, committed 2304K, reserved 1048576K
GC Heap History (10 events):
Event: 7.018 GC heap before
{Heap before GC invocations=6 (full 0):
 PSYoungGen      total 140800K, used 137028K [0x000000076b900000, 0x000000077ff00000, 0x00000007c0000000)
  eden space 130048K, 100% used [0x000000076b900000,0x0000000773800000,0x0000000773800000)
  from space 10752K, 64% used [0x0000000773800000,0x0000000773ed1330,0x0000000774280000)
  to   space 36864K, 0% used [0x000000077db00000,0x000000077db00000,0x000000077ff00000)
 ParOldGen       total 173568K, used 52565K [0x00000006c2a00000, 0x00000006cd380000, 0x000000076b900000)
  object space 173568K, 30% used [0x00000006c2a00000,0x00000006c5d55740,0x00000006cd380000)
 Metaspace       used 17843K, capacity 18044K, committed 18176K, reserved 1064960K
  class space    used 2178K, capacity 2264K, committed 2304K, reserved 1048576K
Event: 7.027 GC heap after
Heap after GC invocations=6 (full 0):
 PSYoungGen      total 292864K, used 19210K [0x000000076b900000, 0x000000077fb00000, 0x00000007c0000000)
  eden space 260096K, 0% used [0x000000076b900000,0x000000076b900000,0x000000077b700000)
  from space 32768K, 58% used [0x000000077db00000,0x000000077edc2b60,0x000000077fb00000)
  to   space 34816K, 0% used [0x000000077b700000,0x000000077b700000,0x000000077d900000)
 ParOldGen       total 173568K, used 52573K [0x00000006c2a00000, 0x00000006cd380000, 0x000000076b900000)
  object space 173568K, 30% used [0x00000006c2a00000,0x00000006c5d57740,0x00000006cd380000)
 Metaspace       used 17843K, capacity 18044K, committed 18176K, reserved 1064960K
  class space    used 2178K, capacity 2264K, committed 2304K, reserved 1048576K
}
Event: 8.364 GC heap before
{Heap before GC invocations=7 (full 0):
 PSYoungGen      total 292864K, used 279306K [0x000000076b900000, 0x000000077fb00000, 0x00000007c0000000)
  eden space 260096K, 100% used [0x000000076b900000,0x000000077b700000,0x000000077b700000)
  from space 32768K, 58% used [0x000000077db00000,0x000000077edc2b60,0x000000077fb00000)
  to   space 34816K, 0% used [0x000000077b700000,0x000000077b700000,0x000000077d900000)
 ParOldGen       total 173568K, used 52573K [0x00000006c2a00000, 0x00000006cd380000, 0x000000076b900000)
  object space 173568K, 30% used [0x00000006c2a00000,0x00000006c5d57740,0x00000006cd380000)
 Metaspace       used 18014K, capacity 18190K, committed 18432K, reserved 1064960K
  class space    used 2180K, capacity 2267K, committed 2304K, reserved 1048576K
Event: 8.389 GC heap after
Heap after GC invocations=7 (full 0):
 PSYoungGen      total 294912K, used 753K [0x000000076b900000, 0x000000077fb00000, 0x00000007c0000000)
  eden space 260096K, 0% used [0x000000076b900000,0x000000076b900000,0x000000077b700000)
  from space 34816K, 2% used [0x000000077b700000,0x000000077b7bc7e0,0x000000077d900000)
  to   space 32768K, 0% used [0x000000077db00000,0x000000077db00000,0x000000077fb00000)
 ParOldGen       total 173568K, used 71477K [0x00000006c2a00000, 0x00000006cd380000, 0x000000076b900000)
  object space 173568K, 41% used [0x00000006c2a00000,0x00000006c6fcd790,0x00000006cd380000)
 Metaspace       used 18014K, capacity 18190K, committed 18432K, reserved 1064960K
  class space    used 2180K, capacity 2267K, committed 2304K, reserved 1048576K
}
Event: 9.606 GC heap before
{Heap before GC invocations=8 (full 0):
 PSYoungGen      total 294912K, used 260849K [0x000000076b900000, 0x000000077fb00000, 0x00000007c0000000)
  eden space 260096K, 100% used [0x000000076b900000,0x000000077b700000,0x000000077b700000)
  from space 34816K, 2% used [0x000000077b700000,0x000000077b7bc7e0,0x000000077d900000)
  to   space 32768K, 0% used [0x000000077db00000,0x000000077db00000,0x000000077fb00000)
 ParOldGen       total 173568K, used 71477K [0x00000006c2a00000, 0x00000006cd380000, 0x000000076b900000)
  object space 173568K, 41% used [0x00000006c2a00000,0x00000006c6fcd790,0x00000006cd380000)
 Metaspace       used 18052K, capacity 18254K, committed 18432K, reserved 1064960K
  class space    used 2181K, capacity 2267K, committed 2304K, reserved 1048576K
Event: 9.632 GC heap after
Heap after GC invocations=8 (full 0):
 PSYoungGen      total 293376K, used 657K [0x000000076b900000, 0x000000078fc00000, 0x00000007c0000000)
  eden space 260608K, 0% used [0x000000076b900000,0x000000076b900000,0x000000077b780000)
  from space 32768K, 2% used [0x000000077db00000,0x000000077dba47a0,0x000000077fb00000)
  to   space 36352K, 0% used [0x000000077b780000,0x000000077b780000,0x000000077db00000)
 ParOldGen       total 173568K, used 71533K [0x00000006c2a00000, 0x00000006cd380000, 0x000000076b900000)
  object space 173568K, 41% used [0x00000006c2a00000,0x00000006c6fdb790,0x00000006cd380000)
 Metaspace       used 18052K, capacity 18254K, committed 18432K, reserved 1064960K
  class space    used 2181K, capacity 2267K, committed 2304K, reserved 1048576K
}
Event: 10.977 GC heap before
{Heap before GC invocations=9 (full 0):
 PSYoungGen      total 293376K, used 261265K [0x000000076b900000, 0x000000078fc00000, 0x00000007c0000000)
  eden space 260608K, 100% used [0x000000076b900000,0x000000077b780000,0x000000077b780000)
  from space 32768K, 2% used [0x000000077db00000,0x000000077dba47a0,0x000000077fb00000)
  to   space 36352K, 0% used [0x000000077b780000,0x000000077b780000,0x000000077db00000)
 ParOldGen       total 173568K, used 71533K [0x00000006c2a00000, 0x00000006cd380000, 0x000000076b900000)
  object space 173568K, 41% used [0x00000006c2a00000,0x00000006c6fdb790,0x00000006cd380000)
 Metaspace       used 18140K, capacity 18318K, committed 18432K, reserved 1064960K
  class space    used 2181K, capacity 2267K, committed 2304K, reserved 1048576K
Event: 10.979 GC heap after
Heap after GC invocations=9 (full 0):
 PSYoungGen      total 296960K, used 401K [0x000000076b900000, 0x0000000789780000, 0x00000007c0000000)
  eden space 260608K, 0% used [0x000000076b900000,0x000000076b900000,0x000000077b780000)
  from space 36352K, 1% used [0x000000077b780000,0x000000077b7e4780,0x000000077db00000)
  to   space 36352K, 0% used [0x0000000787400000,0x0000000787400000,0x0000000789780000)
 ParOldGen       total 173568K, used 71747K [0x00000006c2a00000, 0x00000006cd380000, 0x000000076b900000)
  object space 173568K, 41% used [0x00000006c2a00000,0x00000006c7010d60,0x00000006cd380000)
 Metaspace       used 18140K, capacity 18318K, committed 18432K, reserved 1064960K
  class space    used 2181K, capacity 2267K, committed 2304K, reserved 1048576K
}
Event: 12.415 GC heap before
{Heap before GC invocations=10 (full 0):
 PSYoungGen      total 296960K, used 261009K [0x000000076b900000, 0x0000000789780000, 0x00000007c0000000)
  eden space 260608K, 100% used [0x000000076b900000,0x000000077b780000,0x000000077b780000)
  from space 36352K, 1% used [0x000000077b780000,0x000000077b7e4780,0x000000077db00000)
  to   space 36352K, 0% used [0x0000000787400000,0x0000000787400000,0x0000000789780000)
 ParOldGen       total 173568K, used 71747K [0x00000006c2a00000, 0x00000006cd380000, 0x000000076b900000)
  object space 173568K, 41% used [0x00000006c2a00000,0x00000006c7010d60,0x00000006cd380000)
 Metaspace       used 18198K, capacity 18382K, committed 18688K, reserved 1064960K
  class space    used 2181K, capacity 2267K, committed 2304K, reserved 1048576K
Event: 12.450 GC heap after
Heap after GC invocations=10 (full 0):
 PSYoungGen      total 452608K, used 160K [0x000000076b900000, 0x0000000789680000, 0x00000007c0000000)
  eden space 417280K, 0% used [0x000000076b900000,0x000000076b900000,0x0000000785080000)
  from space 35328K, 0% used [0x0000000787400000,0x0000000787428000,0x0000000789680000)
  to   space 35840K, 0% used [0x0000000785080000,0x0000000785080000,0x0000000787380000)
 ParOldGen       total 173568K, used 72070K [0x00000006c2a00000, 0x00000006cd380000, 0x000000076b900000)
  object space 173568K, 41% used [0x00000006c2a00000,0x00000006c7061ad0,0x00000006cd380000)
 Metaspace       used 18198K, capacity 18382K, committed 18688K, reserved 1064960K
  class space    used 2181K, capacity 2267K, committed 2304K, reserved 1048576K
}

