# JRE version: Java(TM) SE Runtime Environment (8.0_162-b12) (build 1.8.0_162-b12)
# Java VM: Java HotSpot(TM) 64-Bit Server VM (25.162-b12 mixed mode windows-amd64 compressed oops)
Heap:
 PSYoungGen      total 140800K, used 106957K [0x000000076b900000, 0x0000000774d00000, 0x00000007c0000000)
  eden space 130048K, 82% used [0x000000076b900000,0x000000077215b420,0x0000000773800000)
  from space 10752K, 0% used [0x0000000774280000,0x0000000774298000,0x0000000774d00000)
  to   space 10752K, 0% used [0x0000000773800000,0x0000000773800000,0x0000000774280000)
 ParOldGen       total 173568K, used 75952K [0x00000006c2a00000, 0x00000006cd380000, 0x000000076b900000)
  object space 173568K, 43% used [0x00000006c2a00000,0x00000006c742c210,0x00000006cd380000)
 Metaspace       used 18223K, capacity 18442K, committed 18816K, reserved 1064960K
  class space    used 2245K, capacity 2331K, committed 2432K, reserved 1048576K
GC Heap History (10 events):
Event: 8.181 GC heap before
{Heap before GC invocations=8 (full 0):
 PSYoungGen      total 140800K, used 130400K [0x000000076b900000, 0x0000000774d00000, 0x00000007c0000000)
  eden space 130048K, 100% used [0x000000076b900000,0x0000000773800000,0x0000000773800000)
  from space 10752K, 3% used [0x0000000773800000,0x0000000773858020,0x0000000774280000)
  to   space 10752K, 0% used [0x0000000774280000,0x0000000774280000,0x0000000774d00000)
 ParOldGen       total 173568K, used 75572K [0x00000006c2a00000, 0x00000006cd380000, 0x000000076b900000)
  object space 173568K, 43% used [0x00000006c2a00000,0x00000006c73cd170,0x00000006cd380000)
 Metaspace       used 18161K, capacity 18378K, committed 18560K, reserved 1064960K
  class space    used 2243K, capacity 2331K, committed 2432K, reserved 1048576K
Event: 8.189 GC heap after
Heap after GC invocations=8 (full 0):
 PSYoungGen      total 140800K, used 336K [0x000000076b900000, 0x0000000774d00000, 0x00000007c0000000)
  eden space 130048K, 0% used [0x000000076b900000,0x000000076b900000,0x0000000773800000)
  from space 10752K, 3% used [0x0000000774280000,0x00000007742d4010,0x0000000774d00000)
  to   space 10752K, 0% used [0x0000000773800000,0x0000000773800000,0x0000000774280000)
 ParOldGen       total 173568K, used 75620K [0x00000006c2a00000, 0x00000006cd380000, 0x000000076b900000)
  object space 173568K, 43% used [0x00000006c2a00000,0x00000006c73d9170,0x00000006cd380000)
 Metaspace       used 18161K, capacity 18378K, committed 18560K, reserved 1064960K
  class space    used 2243K, capacity 2331K, committed 2432K, reserved 1048576K
}
Event: 8.798 GC heap before
{Heap before GC invocations=9 (full 0):
 PSYoungGen      total 140800K, used 130384K [0x000000076b900000, 0x0000000774d00000, 0x00000007c0000000)
  eden space 130048K, 100% used [0x000000076b900000,0x0000000773800000,0x0000000773800000)
  from space 10752K, 3% used [0x0000000774280000,0x00000007742d4010,0x0000000774d00000)
  to   space 10752K, 0% used [0x0000000773800000,0x0000000773800000,0x0000000774280000)
 ParOldGen       total 173568K, used 75620K [0x00000006c2a00000, 0x00000006cd380000, 0x000000076b900000)
  object space 173568K, 43% used [0x00000006c2a00000,0x00000006c73d9170,0x00000006cd380000)
 Metaspace       used 18163K, capacity 18378K, committed 18560K, reserved 1064960K
  class space    used 2243K, capacity 2331K, committed 2432K, reserved 1048576K
Event: 8.806 GC heap after
Heap after GC invocations=9 (full 0):
 PSYoungGen      total 140800K, used 192K [0x000000076b900000, 0x0000000774d00000, 0x00000007c0000000)
  eden space 130048K, 0% used [0x000000076b900000,0x000000076b900000,0x0000000773800000)
  from space 10752K, 1% used [0x0000000773800000,0x0000000773830000,0x0000000774280000)
  to   space 10752K, 0% used [0x0000000774280000,0x0000000774280000,0x0000000774d00000)
 ParOldGen       total 173568K, used 75861K [0x00000006c2a00000, 0x00000006cd380000, 0x000000076b900000)
  object space 173568K, 43% used [0x00000006c2a00000,0x00000006c74156b0,0x00000006cd380000)
 Metaspace       used 18163K, capacity 18378K, committed 18560K, reserved 1064960K
  class space    used 2243K, capacity 2331K, committed 2432K, reserved 1048576K
}
Event: 9.436 GC heap before
{Heap before GC invocations=10 (full 0):
 PSYoungGen      total 140800K, used 130240K [0x000000076b900000, 0x0000000774d00000, 0x00000007c0000000)
  eden space 130048K, 100% used [0x000000076b900000,0x0000000773800000,0x0000000773800000)
  from space 10752K, 1% used [0x0000000773800000,0x0000000773830000,0x0000000774280000)
  to   space 10752K, 0% used [0x0000000774280000,0x0000000774280000,0x0000000774d00000)
 ParOldGen       total 173568K, used 75861K [0x00000006c2a00000, 0x00000006cd380000, 0x000000076b900000)
  object space 173568K, 43% used [0x00000006c2a00000,0x00000006c74156b0,0x00000006cd380000)
 Metaspace       used 18166K, capacity 18378K, committed 18560K, reserved 1064960K
  class space    used 2243K, capacity 2331K, committed 2432K, reserved 1048576K
Event: 9.469 GC heap after
Heap after GC invocations=10 (full 0):
 PSYoungGen      total 140800K, used 224K [0x000000076b900000, 0x0000000774d00000, 0x00000007c0000000)
  eden space 130048K, 0% used [0x000000076b900000,0x000000076b900000,0x0000000773800000)
  from space 10752K, 2% used [0x0000000774280000,0x00000007742b8000,0x0000000774d00000)
  to   space 10752K, 0% used [0x0000000773800000,0x0000000773800000,0x0000000774280000)
 ParOldGen       total 173568K, used 75877K [0x00000006c2a00000, 0x00000006cd380000, 0x000000076b900000)
  object space 173568K, 43% used [0x00000006c2a00000,0x00000006c74196b0,0x00000006cd380000)
 Metaspace       used 18166K, capacity 18378K, committed 18560K, reserved 1064960K
  class space    used 2243K, capacity 2331K, committed 2432K, reserved 1048576K
}
Event: 10.073 GC heap before
{Heap before GC invocations=11 (full 0):
 PSYoungGen      total 140800K, used 130272K [0x000000076b900000, 0x0000000774d00000, 0x00000007c0000000)
  eden space 130048K, 100% used [0x000000076b900000,0x0000000773800000,0x0000000773800000)
  from space 10752K, 2% used [0x0000000774280000,0x00000007742b8000,0x0000000774d00000)
  to   space 10752K, 0% used [0x0000000773800000,0x0000000773800000,0x0000000774280000)
 ParOldGen       total 173568K, used 75877K [0x00000006c2a00000, 0x00000006cd380000, 0x000000076b900000)
  object space 173568K, 43% used [0x00000006c2a00000,0x00000006c74196b0,0x00000006cd380000)
 Metaspace       used 18166K, capacity 18378K, committed 18560K, reserved 1064960K
  class space    used 2243K, capacity 2331K, committed 2432K, reserved 1048576K
Event: 10.081 GC heap after
Heap after GC invocations=11 (full 0):
 PSYoungGen      total 140800K, used 96K [0x000000076b900000, 0x0000000774d00000, 0x00000007c0000000)
  eden space 130048K, 0% used [0x000000076b900000,0x000000076b900000,0x0000000773800000)
  from space 10752K, 0% used [0x0000000773800000,0x0000000773818000,0x0000000774280000)
  to   space 10752K, 0% used [0x0000000774280000,0x0000000774280000,0x0000000774d00000)
 ParOldGen       total 173568K, used 75936K [0x00000006c2a00000, 0x00000006cd380000, 0x000000076b900000)
  object space 173568K, 43% used [0x00000006c2a00000,0x00000006c7428210,0x00000006cd380000)
 Metaspace       used 18166K, capacity 18378K, committed 18560K, reserved 1064960K
  class space    used 2243K, capacity 2331K, committed 2432K, reserved 1048576K
}
Event: 10.777 GC heap before
{Heap before GC invocations=12 (full 0):
 PSYoungGen      total 140800K, used 130144K [0x000000076b900000, 0x0000000774d00000, 0x00000007c0000000)
  eden space 130048K, 100% used [0x000000076b900000,0x0000000773800000,0x0000000773800000)
  from space 10752K, 0% used [0x0000000773800000,0x0000000773818000,0x0000000774280000)
  to   space 10752K, 0% used [0x0000000774280000,0x0000000774280000,0x0000000774d00000)
 ParOldGen       total 173568K, used 75936K [0x00000006c2a00000, 0x00000006cd380000, 0x000000076b900000)
  object space 173568K, 43% used [0x00000006c2a00000,0x00000006c7428210,0x00000006cd380000)
 Metaspace       used 18166K, capacity 18378K, committed 18560K, reserved 1064960K
  class space    used 2243K, capacity 2331K, committed 2432K, reserved 1048576K
Event: 10.783 GC heap after
Heap after GC invocations=12 (full 0):
 PSYoungGen      total 140800K, used 96K [0x000000076b900000, 0x0000000774d00000, 0x00000007c0000000)
  eden space 130048K, 0% used [0x000000076b900000,0x000000076b900000,0x0000000773800000)
  from space 10752K, 0% used [0x0000000774280000,0x0000000774298000,0x0000000774d00000)
  to   space 10752K, 0% used [0x0000000773800000,0x0000000773800000,0x0000000774280000)
 ParOldGen       total 173568K, used 75952K [0x00000006c2a00000, 0x00000006cd380000, 0x000000076b900000)
  object space 173568K, 43% used [0x00000006c2a00000,0x00000006c742c210,0x00000006cd380000)
 Metaspace       used 18166K, capacity 18378K, committed 18560K, reserved 1064960K
  class space    used 2243K, capacity 2331K, committed 2432K, reserved 1048576K
}

