# JRE version: Java(TM) SE Runtime Environment (8.0_162-b12) (build 1.8.0_162-b12)
# Java VM: Java HotSpot(TM) 64-Bit Server VM (25.162-b12 mixed mode windows-amd64 compressed oops)
Heap:
 PSYoungGen      total 269824K, used 145418K [0x000000076b900000, 0x000000078c900000, 0x00000007c0000000)
  eden space 260096K, 55% used [0x000000076b900000,0x0000000774656b60,0x000000077b700000)
  from space 9728K, 7% used [0x000000077b700000,0x000000077b7ac050,0x000000077c080000)
  to   space 10240K, 0% used [0x000000078bf00000,0x000000078bf00000,0x000000078c900000)
 ParOldGen       total 173568K, used 29800K [0x00000006c2a00000, 0x00000006cd380000, 0x000000076b900000)
  object space 173568K, 17% used [0x00000006c2a00000,0x00000006c471a1b0,0x00000006cd380000)
 Metaspace       used 18042K, capacity 18270K, committed 18432K, reserved 1064960K
  class space    used 2180K, capacity 2267K, committed 2304K, reserved 1048576K
GC Heap History (10 events):
Event: 5.354 GC heap before
{Heap before GC invocations=3 (full 0):
 PSYoungGen      total 75776K, used 70057K [0x000000076b900000, 0x0000000774d00000, 0x00000007c0000000)
  eden space 65024K, 100% used [0x000000076b900000,0x000000076f880000,0x000000076f880000)
  from space 10752K, 46% used [0x0000000770300000,0x00000007707ea698,0x0000000770d80000)
  to   space 10752K, 0% used [0x000000076f880000,0x000000076f880000,0x0000000770300000)
 ParOldGen       total 173568K, used 24647K [0x00000006c2a00000, 0x00000006cd380000, 0x000000076b900000)
  object space 173568K, 14% used [0x00000006c2a00000,0x00000006c4211cb0,0x00000006cd380000)
 Metaspace       used 17717K, capacity 17932K, committed 18176K, reserved 1064960K
  class space    used 2176K, capacity 2264K, committed 2304K, reserved 1048576K
Event: 5.357 GC heap after
Heap after GC invocations=3 (full 0):
 PSYoungGen      total 75776K, used 5239K [0x000000076b900000, 0x0000000774d00000, 0x00000007c0000000)
  eden space 65024K, 0% used [0x000000076b900000,0x000000076b900000,0x000000076f880000)
  from space 10752K, 48% used [0x000000076f880000,0x000000076fd9de38,0x0000000770300000)
  to   space 10752K, 0% used [0x0000000774280000,0x0000000774280000,0x0000000774d00000)
 ParOldGen       total 173568K, used 24655K [0x00000006c2a00000, 0x00000006cd380000, 0x000000076b900000)
  object space 173568K, 14% used [0x00000006c2a00000,0x00000006c4213cb0,0x00000006cd380000)
 Metaspace       used 17717K, capacity 17932K, committed 18176K, reserved 1064960K
  class space    used 2176K, capacity 2264K, committed 2304K, reserved 1048576K
}
Event: 5.689 GC heap before
{Heap before GC invocations=4 (full 0):
 PSYoungGen      total 75776K, used 70263K [0x000000076b900000, 0x0000000774d00000, 0x00000007c0000000)
  eden space 65024K, 100% used [0x000000076b900000,0x000000076f880000,0x000000076f880000)
  from space 10752K, 48% used [0x000000076f880000,0x000000076fd9de38,0x0000000770300000)
  to   space 10752K, 0% used [0x0000000774280000,0x0000000774280000,0x0000000774d00000)
 ParOldGen       total 173568K, used 24655K [0x00000006c2a00000, 0x00000006cd380000, 0x000000076b900000)
  object space 173568K, 14% used [0x00000006c2a00000,0x00000006c4213cb0,0x00000006cd380000)
 Metaspace       used 17719K, capacity 17932K, committed 18176K, reserved 1064960K
  class space    used 2176K, capacity 2264K, committed 2304K, reserved 1048576K
Event: 5.693 GC heap after
Heap after GC invocations=4 (full 0):
 PSYoungGen      total 140800K, used 5303K [0x000000076b900000, 0x0000000774d00000, 0x00000007c0000000)
  eden space 130048K, 0% used [0x000000076b900000,0x000000076b900000,0x0000000773800000)
  from space 10752K, 49% used [0x0000000774280000,0x00000007747ade58,0x0000000774d00000)
  to   space 10752K, 0% used [0x0000000773800000,0x0000000773800000,0x0000000774280000)
 ParOldGen       total 173568K, used 24663K [0x00000006c2a00000, 0x00000006cd380000, 0x000000076b900000)
  object space 173568K, 14% used [0x00000006c2a00000,0x00000006c4215cb0,0x00000006cd380000)
 Metaspace       used 17719K, capacity 17932K, committed 18176K, reserved 1064960K
  class space    used 2176K, capacity 2264K, committed 2304K, reserved 1048576K
}
Event: 6.344 GC heap before
{Heap before GC invocations=5 (full 0):
 PSYoungGen      total 140800K, used 135351K [0x000000076b900000, 0x0000000774d00000, 0x00000007c0000000)
  eden space 130048K, 100% used [0x000000076b900000,0x0000000773800000,0x0000000773800000)
  from space 10752K, 49% used [0x0000000774280000,0x00000007747ade58,0x0000000774d00000)
  to   space 10752K, 0% used [0x0000000773800000,0x0000000773800000,0x0000000774280000)
 ParOldGen       total 173568K, used 24663K [0x00000006c2a00000, 0x00000006cd380000, 0x000000076b900000)
  object space 173568K, 14% used [0x00000006c2a00000,0x00000006c4215cb0,0x00000006cd380000)
 Metaspace       used 17843K, capacity 18060K, committed 18176K, reserved 1064960K
  class space    used 2178K, capacity 2264K, committed 2304K, reserved 1048576K
Event: 6.349 GC heap after
Heap after GC invocations=5 (full 0):
 PSYoungGen      total 140800K, used 5479K [0x000000076b900000, 0x000000077cb00000, 0x00000007c0000000)
  eden space 130048K, 0% used [0x000000076b900000,0x000000076b900000,0x0000000773800000)
  from space 10752K, 50% used [0x0000000773800000,0x0000000773d59e68,0x0000000774280000)
  to   space 10240K, 0% used [0x000000077c100000,0x000000077c100000,0x000000077cb00000)
 ParOldGen       total 173568K, used 24671K [0x00000006c2a00000, 0x00000006cd380000, 0x000000076b900000)
  object space 173568K, 14% used [0x00000006c2a00000,0x00000006c4217cb0,0x00000006cd380000)
 Metaspace       used 17843K, capacity 18060K, committed 18176K, reserved 1064960K
  class space    used 2178K, capacity 2264K, committed 2304K, reserved 1048576K
}
Event: 6.932 GC heap before
{Heap before GC invocations=6 (full 0):
 PSYoungGen      total 140800K, used 135527K [0x000000076b900000, 0x000000077cb00000, 0x00000007c0000000)
  eden space 130048K, 100% used [0x000000076b900000,0x0000000773800000,0x0000000773800000)
  from space 10752K, 50% used [0x0000000773800000,0x0000000773d59e68,0x0000000774280000)
  to   space 10240K, 0% used [0x000000077c100000,0x000000077c100000,0x000000077cb00000)
 ParOldGen       total 173568K, used 24671K [0x00000006c2a00000, 0x00000006cd380000, 0x000000076b900000)
  object space 173568K, 14% used [0x00000006c2a00000,0x00000006c4217cb0,0x00000006cd380000)
 Metaspace       used 17857K, capacity 18060K, committed 18176K, reserved 1064960K
  class space    used 2178K, capacity 2264K, committed 2304K, reserved 1048576K
Event: 6.936 GC heap after
Heap after GC invocations=6 (full 0):
 PSYoungGen      total 269312K, used 5434K [0x000000076b900000, 0x000000077ca00000, 0x00000007c0000000)
  eden space 260096K, 0% used [0x000000076b900000,0x000000076b900000,0x000000077b700000)
  from space 9216K, 58% used [0x000000077c100000,0x000000077c64e8e8,0x000000077ca00000)
  to   space 9728K, 0% used [0x000000077b700000,0x000000077b700000,0x000000077c080000)
 ParOldGen       total 173568K, used 24679K [0x00000006c2a00000, 0x00000006cd380000, 0x000000076b900000)
  object space 173568K, 14% used [0x00000006c2a00000,0x00000006c4219cb0,0x00000006cd380000)
 Metaspace       used 17857K, capacity 18060K, committed 18176K, reserved 1064960K
  class space    used 2178K, capacity 2264K, committed 2304K, reserved 1048576K
}
Event: 8.227 GC heap before
{Heap before GC invocations=7 (full 0):
 PSYoungGen      total 269312K, used 265530K [0x000000076b900000, 0x000000077ca00000, 0x00000007c0000000)
  eden space 260096K, 100% used [0x000000076b900000,0x000000077b700000,0x000000077b700000)
  from space 9216K, 58% used [0x000000077c100000,0x000000077c64e8e8,0x000000077ca00000)
  to   space 9728K, 0% used [0x000000077b700000,0x000000077b700000,0x000000077c080000)
 ParOldGen       total 173568K, used 24679K [0x00000006c2a00000, 0x00000006cd380000, 0x000000076b900000)
  object space 173568K, 14% used [0x00000006c2a00000,0x00000006c4219cb0,0x00000006cd380000)
 Metaspace       used 17962K, capacity 18130K, committed 18432K, reserved 1064960K
  class space    used 2179K, capacity 2265K, committed 2304K, reserved 1048576K
Event: 8.233 GC heap after
Heap after GC invocations=7 (full 0):
 PSYoungGen      total 269824K, used 688K [0x000000076b900000, 0x000000078c900000, 0x00000007c0000000)
  eden space 260096K, 0% used [0x000000076b900000,0x000000076b900000,0x000000077b700000)
  from space 9728K, 7% used [0x000000077b700000,0x000000077b7ac050,0x000000077c080000)
  to   space 10240K, 0% used [0x000000078bf00000,0x000000078bf00000,0x000000078c900000)
 ParOldGen       total 173568K, used 29800K [0x00000006c2a00000, 0x00000006cd380000, 0x000000076b900000)
  object space 173568K, 17% used [0x00000006c2a00000,0x00000006c471a1b0,0x00000006cd380000)
 Metaspace       used 17962K, capacity 18130K, committed 18432K, reserved 1064960K
  class space    used 2179K, capacity 2265K, committed 2304K, reserved 1048576K
}

